Start testing: Sep 08 19:40 +0430
----------------------------------------------------------
1/1 Testing: ExampleTests
1/1 Test: ExampleTests
Command: "/home/sina/Desktop/programming/Nimbo/Reverse_costumizedGameOfLife/test_toturial/build/test/ExampleTests"
Directory: /home/sina/Desktop/programming/Nimbo/Reverse_costumizedGameOfLife/test_toturial/build/test
"ExampleTests" start time: Sep 08 19:40 +0430
Output:
----------------------------------------------------------
Running main() from /home/sina/Desktop/programming/Nimbo/Reverse_costumizedGameOfLife/test_toturial/googletest/googletest/src/gtest_main.cc
[==========] Running 2 tests from 1 test suite.
[----------] Global test environment set-up.
[----------] 2 tests from ExampleTests
[ RUN      ] ExampleTests.test1
[       OK ] ExampleTests.test1 (1 ms)
[ RUN      ] ExampleTests.test2
[       OK ] ExampleTests.test2 (0 ms)
[----------] 2 tests from ExampleTests (1 ms total)

[----------] Global test environment tear-down
[==========] 2 tests from 1 test suite ran. (1 ms total)
[  PASSED  ] 2 tests.
<end of output>
Test time =   0.00 sec
----------------------------------------------------------
Test Passed.
"ExampleTests" end time: Sep 08 19:40 +0430
"ExampleTests" time elapsed: 00:00:00
----------------------------------------------------------

End testing: Sep 08 19:40 +0430
