<?xml version="1.0" encoding="UTF-8"?>
<Site BuildName="(empty)"
	BuildStamp="20200908-1441-Experimental"
	Name="(empty)"
	Generator="ctest-3.18.2"
	CompilerName=""
	CompilerVersion=""
	OSName="Linux"
	Hostname="sina"
	OSRelease="5.4.0-47-generic"
	OSVersion="#51-Ubuntu SMP Fri Sep 4 19:50:52 UTC 2020"
	OSPlatform="x86_64"
	Is64Bits="1"
	VendorString="GenuineIntel"
	VendorID="Intel Corporation"
	FamilyID="6"
	ModelID="42"
	ProcessorCacheSize="3072"
	NumberOfLogicalCPU="4"
	NumberOfPhysicalCPU="2"
	TotalVirtualMemory="7719"
	TotalPhysicalMemory="11757"
	LogicalProcessorsPerPhysical="2"
	ProcessorClockFrequency="2726.98"
	>
	<Testing>
		<StartDateTime>Sep 08 19:26 +0430</StartDateTime>
		<StartTestTime>1599577019</StartTestTime>
		<TestList>
			<Test>./test/ExampleTests</Test>
		</TestList>
		<Test Status="passed">
			<Name>ExampleTests</Name>
			<Path>./test</Path>
			<FullName>./test/ExampleTests</FullName>
			<FullCommandLine>/home/sina/Desktop/programming/Nimbo/Reverse_costumizedGameOfLife/test_toturial/build/test/ExampleTests</FullCommandLine>
			<Results>
				<NamedMeasurement type="numeric/double" name="Execution Time">
					<Value>0.00275157</Value>
				</NamedMeasurement>
				<NamedMeasurement type="numeric/double" name="Processors">
					<Value>1</Value>
				</NamedMeasurement>
				<NamedMeasurement type="text/string" name="Completion Status">
					<Value>Completed</Value>
				</NamedMeasurement>
				<NamedMeasurement type="text/string" name="Command Line">
					<Value>/home/sina/Desktop/programming/Nimbo/Reverse_costumizedGameOfLife/test_toturial/build/test/ExampleTests</Value>
				</NamedMeasurement>
				<NamedMeasurement type="text/string" name="Environment">
					<Value>#CTEST_RESOURCE_GROUP_COUNT=</Value>
				</NamedMeasurement>
				<Measurement>
					<Value encoding="base64" compression="gzip">eJyNUMFOwzAMvfcrfFwPbVjvHJA27QDaUAenqpqyzi0RcVwl6UB8PU07VRSBtndK/J6f7Zd3xijTAEllFjHUlgnEGxMKp4wUK3TvnlvRWm6sJOqlYqvoyCLHM1qHh4qd70h94WkjCXf1k6pReHT+4Nl3VkktGuZGY6j9fDpbiWYQhtlpVUXF/YQS8stiGQSNGzdbDh9wnfKYRkUyoYSN5qPUI4/mrCwbQtNr0Sdd+0s8M11/Smo1voRKVED+uoUB5YxJQ8ey50fsHv/kYXEH5OIrNtkVm2yyuWnpUQ193lLH0W2xeJQ2OfGHmaf+b9pgpUnng/obnh/2+/Uq3HhpTKNvolG/SA==</Value>
				</Measurement>
			</Results>
		</Test>
		<EndDateTime>Sep 08 19:26 +0430</EndDateTime>
		<EndTestTime>1599577019</EndTestTime>
		<ElapsedMinutes>0</ElapsedMinutes>
	</Testing>
</Site>
